{"/Users/willadams/reactinatra/src/web/landing/Landing.tsx": {"path":"/Users/willadams/reactinatra/src/web/landing/Landing.tsx","statementMap":{"0":{"start":{"line":1,"column":0},"end":{"line":1,"column":29}},"1":{"start":{"line":3,"column":0},"end":{"line":3,"column":30}},"2":{"start":{"line":4,"column":0},"end":{"line":4,"column":42}},"3":{"start":{"line":5,"column":0},"end":{"line":5,"column":42}},"4":{"start":{"line":7,"column":26},"end":{"line":19,"column":1}},"5":{"start":{"line":8,"column":2},"end":{"line":18,"column":null}},"6":{"start":{"line":21,"column":0},"end":{"line":21,"column":null}}},"fnMap":{"0":{"name":"(anonymous_2)","decl":{"start":{"line":7,"column":26},"end":{"line":7,"column":29}},"loc":{"start":{"line":7,"column":31},"end":{"line":19,"column":1}}}},"branchMap":{},"s":{"0":1,"1":1,"2":1,"3":1,"4":1,"5":1,"6":1},"f":{"0":1},"b":{}}
}
